<?xml version="1.0" encoding="UTF-8"?>
<testsuite name="SimpleBankSystemTest" tests="1" skipped="0" failures="0" errors="0" timestamp="2021-08-15T22:49:11"
           hostname="LAPTOP-6KFVJICR" time="4.211">
    <properties/>
    <testcase name="start" classname="SimpleBankSystemTest" time="4.211"/>
    <system-out><![CDATA[?[1;31m
Start test 1?[0m
1. Create an account
2. Log into account
0. Exit
> 0
Bye!
?[1;31m
Start test 2?[0m
1. Create an account
2. Log into account
0. Exit
> 0
Bye!
?[1;31m
Start test 3?[0m
1. Create an account
2. Log into account
0. Exit
> 0
Bye!
?[1;31m
Start test 4?[0m
1. Create an account
2. Log into account
0. Exit
> 0
Bye!
?[1;31m
Start test 5?[0m
1. Create an account
2. Log into account
0. Exit
> 1
Your card has been created
Your card number:
4000008488847083
Your card PIN:
7009
1. Create an account
2. Log into account
0. Exit
> 1
Your card has been created
Your card number:
4000003085623086
Your card PIN:
0428
1. Create an account
2. Log into account
0. Exit
> 1
Your card has been created
Your card number:
4000008309852247
Your card PIN:
1976
1. Create an account
2. Log into account
0. Exit
> 1
Your card has been created
Your card number:
4000002588741049
Your card PIN:
3664
1. Create an account
2. Log into account
0. Exit
> 1
Your card has been created
Your card number:
4000007911251962
Your card PIN:
0864
1. Create an account
2. Log into account
0. Exit
> 0
Bye!
4000008488847083
4000003085623086
4000008309852247
4000002588741049
4000007911251962
?[1;31m
Start test 6?[0m
1. Create an account
2. Log into account
0. Exit
> 1
Your card has been created
Your card number:
4000009612743867
Your card PIN:
8843
1. Create an account
2. Log into account
0. Exit
> 2
Enter your card number:
> 4000009612743867
Enter your PIN:
> 8843
You have successfully logged in!
1. Balance
2. Add income
3. Do transfer
4. Close account
5. Log out
0. Exit
> 0
Bye!
Bye!
?[1;31m
Start test 7?[0m
1. Create an account
2. Log into account
0. Exit
> 1
Your card has been created
Your card number:
4000003325208573
Your card PIN:
1535
1. Create an account
2. Log into account
0. Exit
> 2
Enter your card number:
> 4000003325208573
Enter your PIN:
> 5010
Wrong card number or PIN!
1. Create an account
2. Log into account
0. Exit
> 0
Bye!
?[1;31m
Start test 8?[0m
1. Create an account
2. Log into account
0. Exit
> 1
Your card has been created
Your card number:
4000003551155530
Your card PIN:
7457
1. Create an account
2. Log into account
0. Exit
> 2
Enter your card number:
> 400000736018969
Enter your PIN:
> 7457
Wrong card number or PIN!
1. Create an account
2. Log into account
0. Exit
> 0
Bye!
?[1;31m
Start test 9?[0m
1. Create an account
2. Log into account
0. Exit
> 1
Your card has been created
Your card number:
4000007450865651
Your card PIN:
0683
1. Create an account
2. Log into account
0. Exit
> 2
Enter your card number:
> 4000007450865651
Enter your PIN:
> 0683
You have successfully logged in!
1. Balance
2. Add income
3. Do transfer
4. Close account
5. Log out
0. Exit
> 1
Balance: 0
1. Balance
2. Add income
3. Do transfer
4. Close account
5. Log out
0. Exit
> 0
Bye!
Bye!
?[1;31m
Start test 10?[0m
1. Create an account
2. Log into account
0. Exit
> 1
Your card has been created
Your card number:
4000004191344773
Your card PIN:
5571
1. Create an account
2. Log into account
0. Exit
> 2
Enter your card number:
> 4000004191344773
Enter your PIN:
> 5571
You have successfully logged in!
1. Balance
2. Add income
3. Do transfer
4. Close account
5. Log out
0. Exit
> 2
Enter income:
> 10000
Income was added!
1. Balance
2. Add income
3. Do transfer
4. Close account
5. Log out
0. Exit
> 0
Bye!
Bye!
1. Create an account
2. Log into account
0. Exit
> 2
Enter your card number:
> 4000004191344773
Enter your PIN:
> 5571
You have successfully logged in!
1. Balance
2. Add income
3. Do transfer
4. Close account
5. Log out
0. Exit
> 2
Enter income:
> 15000
Income was added!
1. Balance
2. Add income
3. Do transfer
4. Close account
5. Log out
0. Exit
> 0
Bye!
Bye!
?[1;31m
Start test 11?[0m
1. Create an account
2. Log into account
0. Exit
> 1
Your card has been created
Your card number:
4000008953103962
Your card PIN:
8661
1. Create an account
2. Log into account
0. Exit
> 1
Your card has been created
Your card number:
4000004192659153
Your card PIN:
8653
1. Create an account
2. Log into account
0. Exit
> 2
Enter your card number:
> 4000004192659153
Enter your PIN:
> 8653
You have successfully logged in!
1. Balance
2. Add income
3. Do transfer
4. Close account
5. Log out
0. Exit
> 3
Transfer
Enter card number:
> 2000007269641764
Probably you made a mistake in the card number. Please try again!
1. Balance
2. Add income
3. Do transfer
4. Close account
5. Log out
0. Exit
> 3
Transfer
Enter card number:
> 2000007269641768
Such a card does not exist
1. Balance
2. Add income
3. Do transfer
4. Close account
5. Log out
0. Exit
> 3
Transfer
Enter card number:
> 4000008953103962
Enter how much money you want to transfer:
> 100000
Not enough money!
1. Balance
2. Add income
3. Do transfer
4. Close account
5. Log out
0. Exit
> 2
Enter income:
> 20000
Income was added!
1. Balance
2. Add income
3. Do transfer
4. Close account
5. Log out
0. Exit
> 3
Transfer
Enter card number:
> 4000008953103962
Enter how much money you want to transfer:
> 10000
Success!
1. Balance
2. Add income
3. Do transfer
4. Close account
5. Log out
0. Exit
> 0
Bye!
Bye!
?[1;31m
Start test 12?[0m
1. Create an account
2. Log into account
0. Exit
> 1
Your card has been created
Your card number:
4000002110425913
Your card PIN:
3082
1. Create an account
2. Log into account
0. Exit
> 2
Enter your card number:
> 4000002110425913
Enter your PIN:
> 3082
You have successfully logged in!
1. Balance
2. Add income
3. Do transfer
4. Close account
5. Log out
0. Exit
> 4
The account has been closed!
1. Create an account
2. Log into account
0. Exit
> 0
Bye!
]]></system-out>
    <system-err><![CDATA[]]></system-err>
</testsuite>
